<?xml version="1.0" encoding="UTF-8"?>
<testng-results skipped="0" failed="1" ignored="0" total="2" passed="1">
  <reporter-output>
  </reporter-output>
  <suite name="Suite" duration-ms="230831" started-at="2020-12-14T17:05:59Z" finished-at="2020-12-14T17:09:50Z">
    <groups>
    </groups>
    <test name="Test" duration-ms="230831" started-at="2020-12-14T17:05:59Z" finished-at="2020-12-14T17:09:50Z">
      <class name="com.tests.FirstTestTest">
        <test-method status="PASS" signature="beforeSuite()[pri:0, instance:com.tests.FirstTestTest@4cdbe50f]" name="beforeSuite" is-config="true" duration-ms="12989" started-at="2020-12-14T12:05:46Z" finished-at="2020-12-14T12:05:59Z">
          <reporter-output>
          </reporter-output>
        </test-method> <!-- beforeSuite -->
        <test-method status="PASS" signature="beforeTest()[pri:0, instance:com.tests.FirstTestTest@4cdbe50f]" name="beforeTest" is-config="true" duration-ms="1" started-at="2020-12-14T12:05:59Z" finished-at="2020-12-14T12:05:59Z">
          <reporter-output>
          </reporter-output>
        </test-method> <!-- beforeTest -->
        <test-method status="PASS" signature="beforeClass()[pri:0, instance:com.tests.FirstTestTest@4cdbe50f]" name="beforeClass" is-config="true" duration-ms="0" started-at="2020-12-14T12:05:59Z" finished-at="2020-12-14T12:05:59Z">
          <reporter-output>
          </reporter-output>
        </test-method> <!-- beforeClass -->
        <test-method status="PASS" signature="Login()[pri:0, instance:com.tests.FirstTestTest@4cdbe50f]" name="Login" duration-ms="39089" started-at="2020-12-14T12:05:59Z" finished-at="2020-12-14T12:06:38Z">
          <reporter-output>
          </reporter-output>
        </test-method> <!-- Login -->
        <test-method status="PASS" signature="beforeMethod()[pri:0, instance:com.tests.FirstTestTest@4cdbe50f]" name="beforeMethod" is-config="true" duration-ms="0" started-at="2020-12-14T12:05:59Z" finished-at="2020-12-14T12:05:59Z">
          <reporter-output>
          </reporter-output>
        </test-method> <!-- beforeMethod -->
        <test-method status="PASS" signature="afterMethod()[pri:0, instance:com.tests.FirstTestTest@4cdbe50f]" name="afterMethod" is-config="true" duration-ms="0" started-at="2020-12-14T12:06:38Z" finished-at="2020-12-14T12:06:38Z">
          <reporter-output>
          </reporter-output>
        </test-method> <!-- afterMethod -->
        <test-method status="FAIL" signature="Test(java.lang.String)[pri:0, instance:com.tests.FirstTestTest@4cdbe50f]" name="Test" duration-ms="191714" started-at="2020-12-14T12:06:38Z" finished-at="2020-12-14T12:09:50Z">
          <params>
            <param index="0">
              <value>
                <![CDATA[preetadmin]]>
              </value>
            </param>
          </params>
          <exception class="org.openqa.selenium.WebDriverException">
            <message>
              <![CDATA[chrome not reachable
  (Session info: chrome=87.0.4280.88)
Build info: version: '3.14.0', revision: 'aacccce0', time: '2018-08-02T20:19:58.91Z'
System info: host: 'PREET-PC', ip: '192.168.9.100', os.name: 'Windows 10', os.arch: 'amd64', os.version: '10.0', java.version: '1.8.0_271'
Driver info: org.openqa.selenium.chrome.ChromeDriver
Capabilities {acceptInsecureCerts: false, browserName: chrome, browserVersion: 87.0.4280.88, chrome: {chromedriverVersion: 86.0.4240.22 (398b0743353ff..., userDataDir: C:\Users\PMOOD~1.INT\AppDat...}, goog:chromeOptions: {debuggerAddress: localhost:54835}, javascriptEnabled: true, networkConnectionEnabled: false, pageLoadStrategy: normal, platform: WINDOWS, platformName: WINDOWS, proxy: Proxy(), setWindowRect: true, strictFileInteractability: false, timeouts: {implicit: 0, pageLoad: 300000, script: 30000}, unhandledPromptBehavior: dismiss and notify, webauthn:virtualAuthenticators: true}
Session ID: 72c8112fd558c4abb251d5353b77e5d5
*** Element info: {Using=xpath, value=//textarea[@class='k-textarea min-editor-textarea ng-valid ng-touched ng-dirty']}]]>
            </message>
            <full-stacktrace>
              <![CDATA[org.openqa.selenium.WebDriverException: chrome not reachable
  (Session info: chrome=87.0.4280.88)
Build info: version: '3.14.0', revision: 'aacccce0', time: '2018-08-02T20:19:58.91Z'
System info: host: 'PREET-PC', ip: '192.168.9.100', os.name: 'Windows 10', os.arch: 'amd64', os.version: '10.0', java.version: '1.8.0_271'
Driver info: org.openqa.selenium.chrome.ChromeDriver
Capabilities {acceptInsecureCerts: false, browserName: chrome, browserVersion: 87.0.4280.88, chrome: {chromedriverVersion: 86.0.4240.22 (398b0743353ff..., userDataDir: C:\Users\PMOOD~1.INT\AppDat...}, goog:chromeOptions: {debuggerAddress: localhost:54835}, javascriptEnabled: true, networkConnectionEnabled: false, pageLoadStrategy: normal, platform: WINDOWS, platformName: WINDOWS, proxy: Proxy(), setWindowRect: true, strictFileInteractability: false, timeouts: {implicit: 0, pageLoad: 300000, script: 30000}, unhandledPromptBehavior: dismiss and notify, webauthn:virtualAuthenticators: true}
Session ID: 72c8112fd558c4abb251d5353b77e5d5
*** Element info: {Using=xpath, value=//textarea[@class='k-textarea min-editor-textarea ng-valid ng-touched ng-dirty']}
	at sun.reflect.NativeConstructorAccessorImpl.newInstance0(Native Method)
	at sun.reflect.NativeConstructorAccessorImpl.newInstance(NativeConstructorAccessorImpl.java:62)
	at sun.reflect.DelegatingConstructorAccessorImpl.newInstance(DelegatingConstructorAccessorImpl.java:45)
	at java.lang.reflect.Constructor.newInstance(Constructor.java:423)
	at org.openqa.selenium.remote.http.W3CHttpResponseCodec.createException(W3CHttpResponseCodec.java:187)
	at org.openqa.selenium.remote.http.W3CHttpResponseCodec.decode(W3CHttpResponseCodec.java:122)
	at org.openqa.selenium.remote.http.W3CHttpResponseCodec.decode(W3CHttpResponseCodec.java:49)
	at org.openqa.selenium.remote.HttpCommandExecutor.execute(HttpCommandExecutor.java:158)
	at org.openqa.selenium.remote.service.DriverCommandExecutor.execute(DriverCommandExecutor.java:83)
	at org.openqa.selenium.remote.RemoteWebDriver.execute(RemoteWebDriver.java:548)
	at org.openqa.selenium.remote.RemoteWebDriver.findElement(RemoteWebDriver.java:322)
	at org.openqa.selenium.remote.RemoteWebDriver.findElementByXPath(RemoteWebDriver.java:424)
	at org.openqa.selenium.By$ByXPath.findElement(By.java:353)
	at org.openqa.selenium.remote.RemoteWebDriver.findElement(RemoteWebDriver.java:314)
	at com.pages.GrantsAwards.verifyChangesAcceptSaved(GrantsAwards.java:201)
	at com.tests.FirstTestTest.Test(FirstTestTest.java:53)
	at sun.reflect.NativeMethodAccessorImpl.invoke0(Native Method)
	at sun.reflect.NativeMethodAccessorImpl.invoke(NativeMethodAccessorImpl.java:62)
	at sun.reflect.DelegatingMethodAccessorImpl.invoke(DelegatingMethodAccessorImpl.java:43)
	at java.lang.reflect.Method.invoke(Method.java:498)
	at org.testng.internal.MethodInvocationHelper.invokeMethod(MethodInvocationHelper.java:108)
	at org.testng.internal.Invoker.invokeMethod(Invoker.java:661)
	at org.testng.internal.Invoker.invokeTestMethod(Invoker.java:869)
	at org.testng.internal.Invoker.invokeTestMethods(Invoker.java:1193)
	at org.testng.internal.TestMethodWorker.invokeTestMethods(TestMethodWorker.java:126)
	at org.testng.internal.TestMethodWorker.run(TestMethodWorker.java:109)
	at org.testng.TestRunner.privateRun(TestRunner.java:744)
	at org.testng.TestRunner.run(TestRunner.java:602)
	at org.testng.SuiteRunner.runTest(SuiteRunner.java:380)
	at org.testng.SuiteRunner.runSequentially(SuiteRunner.java:375)
	at org.testng.SuiteRunner.privateRun(SuiteRunner.java:340)
	at org.testng.SuiteRunner.run(SuiteRunner.java:289)
	at org.testng.SuiteRunnerWorker.runSuite(SuiteRunnerWorker.java:52)
	at org.testng.SuiteRunnerWorker.run(SuiteRunnerWorker.java:86)
	at org.testng.TestNG.runSuitesSequentially(TestNG.java:1301)
	at org.testng.TestNG.runSuitesLocally(TestNG.java:1226)
	at org.testng.TestNG.runSuites(TestNG.java:1144)
	at org.testng.TestNG.run(TestNG.java:1115)
	at org.apache.maven.surefire.testng.TestNGExecutor.run(TestNGExecutor.java:295)
	at org.apache.maven.surefire.testng.TestNGXmlTestSuite.execute(TestNGXmlTestSuite.java:84)
	at org.apache.maven.surefire.testng.TestNGProvider.invoke(TestNGProvider.java:90)
	at org.apache.maven.surefire.booter.ForkedBooter.invokeProviderInSameClassLoader(ForkedBooter.java:203)
	at org.apache.maven.surefire.booter.ForkedBooter.runSuitesInProcess(ForkedBooter.java:155)
	at org.apache.maven.surefire.booter.ForkedBooter.main(ForkedBooter.java:103)
]]>
            </full-stacktrace>
          </exception> <!-- org.openqa.selenium.WebDriverException -->
          <reporter-output>
          </reporter-output>
        </test-method> <!-- Test -->
        <test-method status="PASS" signature="beforeMethod()[pri:0, instance:com.tests.FirstTestTest@4cdbe50f]" name="beforeMethod" is-config="true" duration-ms="0" started-at="2020-12-14T12:06:38Z" finished-at="2020-12-14T12:06:38Z">
          <reporter-output>
          </reporter-output>
        </test-method> <!-- beforeMethod -->
        <test-method status="PASS" signature="afterMethod()[pri:0, instance:com.tests.FirstTestTest@4cdbe50f]" name="afterMethod" is-config="true" duration-ms="1" started-at="2020-12-14T12:09:50Z" finished-at="2020-12-14T12:09:50Z">
          <reporter-output>
          </reporter-output>
        </test-method> <!-- afterMethod -->
        <test-method status="PASS" signature="afterClass()[pri:0, instance:com.tests.FirstTestTest@4cdbe50f]" name="afterClass" is-config="true" duration-ms="0" started-at="2020-12-14T12:09:50Z" finished-at="2020-12-14T12:09:50Z">
          <reporter-output>
          </reporter-output>
        </test-method> <!-- afterClass -->
        <test-method status="PASS" signature="afterTest()[pri:0, instance:com.tests.FirstTestTest@4cdbe50f]" name="afterTest" is-config="true" duration-ms="0" started-at="2020-12-14T12:09:50Z" finished-at="2020-12-14T12:09:50Z">
          <reporter-output>
          </reporter-output>
        </test-method> <!-- afterTest -->
        <test-method status="PASS" signature="afterSuite()[pri:0, instance:com.tests.FirstTestTest@4cdbe50f]" name="afterSuite" is-config="true" duration-ms="581" started-at="2020-12-14T12:09:50Z" finished-at="2020-12-14T12:09:51Z">
          <reporter-output>
          </reporter-output>
        </test-method> <!-- afterSuite -->
      </class> <!-- com.tests.FirstTestTest -->
    </test> <!-- Test -->
  </suite> <!-- Suite -->
</testng-results>
