<?xml version="1.0" encoding="UTF-8"?>
<testsuite name="TestSuite" time="230.812" tests="2" errors="0" skipped="0" failures="1">
  <properties>
[...]
</properties>
  <testcase name="Login" classname="com.tests.FirstTestTest" time="39.089"/>
  <testcase name="Test" classname="com.tests.FirstTestTest" time="191.723">
    <failure message="chrome not reachable&#10;  (Session info: chrome=87.0.4280.88)&#10;Build info: version: &apos;3.14.0&apos;, revision: &apos;aacccce0&apos;, time: &apos;2018-08-02T20:19:58.91Z&apos;&#10;System info: host: &apos;PREET-PC&apos;, ip: &apos;192.168.9.100&apos;, os.name: &apos;Windows 10&apos;, os.arch: &apos;amd64&apos;, os.version: &apos;10.0&apos;, java.version: &apos;1.8.0_271&apos;&#10;Driver info: org.openqa.selenium.chrome.ChromeDriver&#10;Capabilities {acceptInsecureCerts: false, browserName: chrome, browserVersion: 87.0.4280.88, chrome: {chromedriverVersion: 86.0.4240.22 (398b0743353ff..., userDataDir: C:\Users\PMOOD~1.INT\AppDat...}, goog:chromeOptions: {debuggerAddress: localhost:54835}, javascriptEnabled: true, networkConnectionEnabled: false, pageLoadStrategy: normal, platform: WINDOWS, platformName: WINDOWS, proxy: Proxy(), setWindowRect: true, strictFileInteractability: false, timeouts: {implicit: 0, pageLoad: 300000, script: 30000}, unhandledPromptBehavior: dismiss and notify, webauthn:virtualAuthenticators: true}&#10;Session ID: 72c8112fd558c4abb251d5353b77e5d5&#10;*** Element info: {Using=xpath, value=//textarea[@class=&apos;k-textarea min-editor-textarea ng-valid ng-touched ng-dirty&apos;]}" type="org.openqa.selenium.WebDriverException">org.openqa.selenium.WebDriverException: chrome not reachable
  (Session info: chrome=87.0.4280.88)
Build info: version: '3.14.0', revision: 'aacccce0', time: '2018-08-02T20:19:58.91Z'
System info: host: 'PREET-PC', ip: '192.168.9.100', os.name: 'Windows 10', os.arch: 'amd64', os.version: '10.0', java.version: '1.8.0_271'
Driver info: org.openqa.selenium.chrome.ChromeDriver
Capabilities {acceptInsecureCerts: false, browserName: chrome, browserVersion: 87.0.4280.88, chrome: {chromedriverVersion: 86.0.4240.22 (398b0743353ff..., userDataDir: C:\Users\PMOOD~1.INT\AppDat...}, goog:chromeOptions: {debuggerAddress: localhost:54835}, javascriptEnabled: true, networkConnectionEnabled: false, pageLoadStrategy: normal, platform: WINDOWS, platformName: WINDOWS, proxy: Proxy(), setWindowRect: true, strictFileInteractability: false, timeouts: {implicit: 0, pageLoad: 300000, script: 30000}, unhandledPromptBehavior: dismiss and notify, webauthn:virtualAuthenticators: true}
Session ID: 72c8112fd558c4abb251d5353b77e5d5
*** Element info: {Using=xpath, value=//textarea[@class='k-textarea min-editor-textarea ng-valid ng-touched ng-dirty']}
	at sun.reflect.NativeConstructorAccessorImpl.newInstance0(Native Method)
	at sun.reflect.NativeConstructorAccessorImpl.newInstance(NativeConstructorAccessorImpl.java:62)
	at sun.reflect.DelegatingConstructorAccessorImpl.newInstance(DelegatingConstructorAccessorImpl.java:45)
	at java.lang.reflect.Constructor.newInstance(Constructor.java:423)
	at org.openqa.selenium.remote.http.W3CHttpResponseCodec.createException(W3CHttpResponseCodec.java:187)
	at org.openqa.selenium.remote.http.W3CHttpResponseCodec.decode(W3CHttpResponseCodec.java:122)
	at org.openqa.selenium.remote.http.W3CHttpResponseCodec.decode(W3CHttpResponseCodec.java:49)
	at org.openqa.selenium.remote.HttpCommandExecutor.execute(HttpCommandExecutor.java:158)
	at org.openqa.selenium.remote.service.DriverCommandExecutor.execute(DriverCommandExecutor.java:83)
	at org.openqa.selenium.remote.RemoteWebDriver.execute(RemoteWebDriver.java:548)
	at org.openqa.selenium.remote.RemoteWebDriver.findElement(RemoteWebDriver.java:322)
	at org.openqa.selenium.remote.RemoteWebDriver.findElementByXPath(RemoteWebDriver.java:424)
	at org.openqa.selenium.By$ByXPath.findElement(By.java:353)
	at org.openqa.selenium.remote.RemoteWebDriver.findElement(RemoteWebDriver.java:314)
	at com.pages.GrantsAwards.verifyChangesAcceptSaved(GrantsAwards.java:201)
	at com.tests.FirstTestTest.Test(FirstTestTest.java:53)
</failure>
    <system-out><![CDATA[afterMethod
beforeMethod
preetadmin userName
GrantsAwards
3293719
The count of search149
The count of search149
true
checkButtonsEnabled
checkButtonsEnabled completed
afterDiscardingValue   Title
originalTitleValue Title
noDirtyChangestrue
]]></system-out>
    <system-err><![CDATA[Dec 14, 2020 12:06:39 PM com.utility.GenericWebMethods clickWebElement
INFO: clickWebElement: [[ChromeDriver: chrome on WINDOWS (72c8112fd558c4abb251d5353b77e5d5)] -> xpath: //button[@title='Find Grants/Awards']//following-sibling::button]
Dec 14, 2020 12:06:39 PM com.utility.GenericWebMethods waitForElementToBeVisbile
INFO: waitForElementToVisbile: [[ChromeDriver: chrome on WINDOWS (72c8112fd558c4abb251d5353b77e5d5)] -> xpath: //button[@title='Find Grants/Awards']//following-sibling::button]
Dec 14, 2020 12:06:43 PM com.utility.GenericWebMethods clickWebElement
INFO: clickWebElement: [[ChromeDriver: chrome on WINDOWS (72c8112fd558c4abb251d5353b77e5d5)] -> xpath: //span[text()='Internal ID']//..//..//..//..//span[@class='k-icon k-i-arrow-s']]
Dec 14, 2020 12:06:43 PM com.utility.GenericWebMethods waitForElementToBeVisbile
INFO: waitForElementToVisbile: [[ChromeDriver: chrome on WINDOWS (72c8112fd558c4abb251d5353b77e5d5)] -> xpath: //span[text()='Internal ID']//..//..//..//..//span[@class='k-icon k-i-arrow-s']]
Dec 14, 2020 12:06:44 PM com.utility.GenericWebMethods clickWebElement
INFO: clickWebElement: [[ChromeDriver: chrome on WINDOWS (72c8112fd558c4abb251d5353b77e5d5)] -> xpath: //*[contains(text(),'GRNT-2020-')]]
Dec 14, 2020 12:06:44 PM com.utility.GenericWebMethods waitForElementToBeVisbile
INFO: waitForElementToVisbile: [[ChromeDriver: chrome on WINDOWS (72c8112fd558c4abb251d5353b77e5d5)] -> xpath: //*[contains(text(),'GRNT-2020-')]]
Dec 14, 2020 12:06:44 PM com.utility.GenericWebMethods clickWebElement
INFO: clickWebElement: [[ChromeDriver: chrome on WINDOWS (72c8112fd558c4abb251d5353b77e5d5)] -> xpath: //span[@aria-label='Toggle calendar']]
Dec 14, 2020 12:06:44 PM com.utility.GenericWebMethods waitForElementToBeVisbile
INFO: waitForElementToVisbile: [[ChromeDriver: chrome on WINDOWS (72c8112fd558c4abb251d5353b77e5d5)] -> xpath: //span[@aria-label='Toggle calendar']]
Dec 14, 2020 12:06:44 PM com.utility.GenericWebMethods clickWebElement
INFO: clickWebElement: [[ChromeDriver: chrome on WINDOWS (72c8112fd558c4abb251d5353b77e5d5)] -> xpath: //span[@class='k-today']]
Dec 14, 2020 12:06:44 PM com.utility.GenericWebMethods waitForElementToBeVisbile
INFO: waitForElementToVisbile: [[ChromeDriver: chrome on WINDOWS (72c8112fd558c4abb251d5353b77e5d5)] -> xpath: //span[@class='k-today']]
Dec 14, 2020 12:06:45 PM com.utility.GenericWebMethods clickWebElement
INFO: clickWebElement: [[ChromeDriver: chrome on WINDOWS (72c8112fd558c4abb251d5353b77e5d5)] -> xpath: //button[@title='Save']]
Dec 14, 2020 12:06:45 PM com.utility.GenericWebMethods waitForElementToBeVisbile
INFO: waitForElementToVisbile: [[ChromeDriver: chrome on WINDOWS (72c8112fd558c4abb251d5353b77e5d5)] -> xpath: //button[@title='Save']]
Dec 14, 2020 12:07:05 PM com.utility.GenericWebMethods clickWebElement
INFO: clickWebElement: [[ChromeDriver: chrome on WINDOWS (72c8112fd558c4abb251d5353b77e5d5)] -> xpath: (//div[@style="grid-area:1/2/2/3;"])[2]]
Dec 14, 2020 12:07:05 PM com.utility.GenericWebMethods waitForElementToBeVisbile
INFO: waitForElementToVisbile: [[ChromeDriver: chrome on WINDOWS (72c8112fd558c4abb251d5353b77e5d5)] -> xpath: (//div[@style="grid-area:1/2/2/3;"])[2]]
Dec 14, 2020 12:07:12 PM com.utility.GenericWebMethods clickWebElement
INFO: clickWebElement: [[ChromeDriver: chrome on WINDOWS (72c8112fd558c4abb251d5353b77e5d5)] -> xpath: //span[text()='Sponsor']//..//..//..//..//span[@class='k-icon k-i-arrow-s']]
Dec 14, 2020 12:07:12 PM com.utility.GenericWebMethods waitForElementToBeVisbile
INFO: waitForElementToVisbile: [[ChromeDriver: chrome on WINDOWS (72c8112fd558c4abb251d5353b77e5d5)] -> xpath: //span[text()='Sponsor']//..//..//..//..//span[@class='k-icon k-i-arrow-s']]
Dec 14, 2020 12:07:22 PM com.utility.GenericWebMethods clickWebElement
INFO: clickWebElement: [[ChromeDriver: chrome on WINDOWS (72c8112fd558c4abb251d5353b77e5d5)] -> xpath: //*[contains(text(),'3M industries')]]
Dec 14, 2020 12:07:22 PM com.utility.GenericWebMethods waitForElementToBeVisbile
INFO: waitForElementToVisbile: [[ChromeDriver: chrome on WINDOWS (72c8112fd558c4abb251d5353b77e5d5)] -> xpath: //*[contains(text(),'3M industries')]]
Dec 14, 2020 12:07:23 PM com.utility.GenericWebMethods clickWebElement
INFO: clickWebElement: [[ChromeDriver: chrome on WINDOWS (72c8112fd558c4abb251d5353b77e5d5)] -> xpath: //button[text()=' Cancel ']//preceding-sibling::button]
Dec 14, 2020 12:07:23 PM com.utility.GenericWebMethods waitForElementToBeVisbile
INFO: waitForElementToVisbile: [[ChromeDriver: chrome on WINDOWS (72c8112fd558c4abb251d5353b77e5d5)] -> xpath: //button[text()=' Cancel ']//preceding-sibling::button]
Dec 14, 2020 12:07:38 PM com.utility.GenericWebMethods enterText
INFO: enterText: [[ChromeDriver: chrome on WINDOWS (72c8112fd558c4abb251d5353b77e5d5)] -> xpath: //input[@class='min-editor-text fillwidth ng-untouched ng-pristine ng-valid k-textbox']], abc3293719
Dec 14, 2020 12:07:38 PM com.utility.GenericWebMethods waitForElementToBeVisbile
INFO: waitForElementToVisbile: [[ChromeDriver: chrome on WINDOWS (72c8112fd558c4abb251d5353b77e5d5)] -> xpath: //input[@class='min-editor-text fillwidth ng-untouched ng-pristine ng-valid k-textbox']]
Dec 14, 2020 12:07:39 PM com.utility.GenericWebMethods clickWebElement
INFO: clickWebElement: [[ChromeDriver: chrome on WINDOWS (72c8112fd558c4abb251d5353b77e5d5)] -> xpath: //button[@title='Save']]
Dec 14, 2020 12:07:39 PM com.utility.GenericWebMethods waitForElementToBeVisbile
INFO: waitForElementToVisbile: [[ChromeDriver: chrome on WINDOWS (72c8112fd558c4abb251d5353b77e5d5)] -> xpath: //button[@title='Save']]
Dec 14, 2020 12:07:39 PM com.utility.GenericWebMethods clickWebElement
INFO: clickWebElement: [[ChromeDriver: chrome on WINDOWS (72c8112fd558c4abb251d5353b77e5d5)] -> xpath: //button[text()=' Grants/Awards ']]
Dec 14, 2020 12:07:39 PM com.utility.GenericWebMethods waitForElementToBeVisbile
INFO: waitForElementToVisbile: [[ChromeDriver: chrome on WINDOWS (72c8112fd558c4abb251d5353b77e5d5)] -> xpath: //button[text()=' Grants/Awards ']]
Dec 14, 2020 12:07:44 PM com.utility.GenericWebMethods enterText
INFO: enterText: [[ChromeDriver: chrome on WINDOWS (72c8112fd558c4abb251d5353b77e5d5)] -> xpath: //input[@placeholder='Search...']], abc3293719
Dec 14, 2020 12:07:44 PM com.utility.GenericWebMethods waitForElementToBeVisbile
INFO: waitForElementToVisbile: [[ChromeDriver: chrome on WINDOWS (72c8112fd558c4abb251d5353b77e5d5)] -> xpath: //input[@placeholder='Search...']]
Dec 14, 2020 12:07:50 PM com.utility.GenericWebMethods waitForElementToBeVisbile
INFO: waitForElementToVisbile: [[ChromeDriver: chrome on WINDOWS (72c8112fd558c4abb251d5353b77e5d5)] -> xpath: //input[@placeholder='Search...']]
Dec 14, 2020 12:07:55 PM com.utility.GenericWebMethods waitForElementToBeVisbile
INFO: waitForElementToVisbile: [[ChromeDriver: chrome on WINDOWS (72c8112fd558c4abb251d5353b77e5d5)] -> xpath: //input[@placeholder='Search...']]
Dec 14, 2020 12:08:05 PM com.utility.GenericWebMethods enterText
INFO: enterText: [[ChromeDriver: chrome on WINDOWS (72c8112fd558c4abb251d5353b77e5d5)] -> xpath: //input[@placeholder='Search...']], abc
Dec 14, 2020 12:08:05 PM com.utility.GenericWebMethods waitForElementToBeVisbile
INFO: waitForElementToVisbile: [[ChromeDriver: chrome on WINDOWS (72c8112fd558c4abb251d5353b77e5d5)] -> xpath: //input[@placeholder='Search...']]
Dec 14, 2020 12:08:11 PM com.utility.GenericWebMethods waitForElementToBeVisbile
INFO: waitForElementToVisbile: [[ChromeDriver: chrome on WINDOWS (72c8112fd558c4abb251d5353b77e5d5)] -> xpath: //input[@placeholder='Search...']]
Dec 14, 2020 12:08:16 PM com.utility.GenericWebMethods waitForElementToBeVisbile
INFO: waitForElementToVisbile: [[ChromeDriver: chrome on WINDOWS (72c8112fd558c4abb251d5353b77e5d5)] -> xpath: //input[@placeholder='Search...']]
Dec 14, 2020 12:08:27 PM com.utility.GenericWebMethods clickWebElement
INFO: clickWebElement: [[ChromeDriver: chrome on WINDOWS (72c8112fd558c4abb251d5353b77e5d5)] -> xpath: //button[@title='Cancel']]
Dec 14, 2020 12:08:27 PM com.utility.GenericWebMethods waitForElementToBeVisbile
INFO: waitForElementToVisbile: [[ChromeDriver: chrome on WINDOWS (72c8112fd558c4abb251d5353b77e5d5)] -> xpath: //button[@title='Cancel']]
Dec 14, 2020 12:08:27 PM com.utility.GenericWebMethods clickWebElement
INFO: clickWebElement: [[ChromeDriver: chrome on WINDOWS (72c8112fd558c4abb251d5353b77e5d5)] -> xpath: //button[text()=' No ']]
Dec 14, 2020 12:08:27 PM com.utility.GenericWebMethods waitForElementToBeVisbile
INFO: waitForElementToVisbile: [[ChromeDriver: chrome on WINDOWS (72c8112fd558c4abb251d5353b77e5d5)] -> xpath: //button[text()=' No ']]
Dec 14, 2020 12:08:51 PM com.utility.GenericWebMethods clickWebElement
INFO: clickWebElement: [[ChromeDriver: chrome on WINDOWS (72c8112fd558c4abb251d5353b77e5d5)] -> xpath: //button[text()=' Grants/Awards ']]
Dec 14, 2020 12:08:51 PM com.utility.GenericWebMethods waitForElementToBeVisbile
INFO: waitForElementToVisbile: [[ChromeDriver: chrome on WINDOWS (72c8112fd558c4abb251d5353b77e5d5)] -> xpath: //button[text()=' Grants/Awards ']]
Dec 14, 2020 12:08:59 PM com.utility.GenericWebMethods enterText
INFO: enterText: [[ChromeDriver: chrome on WINDOWS (72c8112fd558c4abb251d5353b77e5d5)] -> xpath: //input[@placeholder='Search...']], abc
Dec 14, 2020 12:08:59 PM com.utility.GenericWebMethods waitForElementToBeVisbile
INFO: waitForElementToVisbile: [[ChromeDriver: chrome on WINDOWS (72c8112fd558c4abb251d5353b77e5d5)] -> xpath: //input[@placeholder='Search...']]
Dec 14, 2020 12:09:04 PM com.utility.GenericWebMethods waitForElementToBeVisbile
INFO: waitForElementToVisbile: [[ChromeDriver: chrome on WINDOWS (72c8112fd558c4abb251d5353b77e5d5)] -> xpath: //input[@placeholder='Search...']]
Dec 14, 2020 12:09:09 PM com.utility.GenericWebMethods waitForElementToBeVisbile
INFO: waitForElementToVisbile: [[ChromeDriver: chrome on WINDOWS (72c8112fd558c4abb251d5353b77e5d5)] -> xpath: //input[@placeholder='Search...']]
Dec 14, 2020 12:09:15 PM com.utility.GenericWebMethods clickWebElement
INFO: clickWebElement: [[ChromeDriver: chrome on WINDOWS (72c8112fd558c4abb251d5353b77e5d5)] -> xpath: //button[@title='Cancel']]
Dec 14, 2020 12:09:15 PM com.utility.GenericWebMethods waitForElementToBeVisbile
INFO: waitForElementToVisbile: [[ChromeDriver: chrome on WINDOWS (72c8112fd558c4abb251d5353b77e5d5)] -> xpath: //button[@title='Cancel']]
Dec 14, 2020 12:09:15 PM com.utility.GenericWebMethods clickWebElement
INFO: clickWebElement: [[ChromeDriver: chrome on WINDOWS (72c8112fd558c4abb251d5353b77e5d5)] -> xpath: //button[text()=' Yes ']]
Dec 14, 2020 12:09:15 PM com.utility.GenericWebMethods waitForElementToBeVisbile
INFO: waitForElementToVisbile: [[ChromeDriver: chrome on WINDOWS (72c8112fd558c4abb251d5353b77e5d5)] -> xpath: //button[text()=' Yes ']]
[1607965770.195][WARNING]: Timed out connecting to Chrome, retrying...
[1607965782.397][WARNING]: Timed out connecting to Chrome, retrying...
]]></system-err>
  </testcase>
</testsuite>